<?xml version="1.0" encoding="UTF-8"?>
<!-- Generated by org.testng.reporters.JUnitReportReporter -->
<testsuite hostname="vinu-PC" name="pageObjects.ValidateNavBar" tests="1" failures="0" timestamp="11 Jul 2020 12:57:52 GMT" time="0.416" errors="0">
  <testcase name="basePageNavigation" time="0.416" classname="pageObjects.ValidateNavBar"/>
</testsuite> <!-- pageObjects.ValidateNavBar -->
