<?xml version="1.0" encoding="UTF-8"?>
<!-- Generated by org.testng.reporters.JUnitReportReporter -->
<testsuite hostname="vinu-PC" name="pageObjects.ValidateNavBar" tests="1" failures="0" timestamp="14 Jul 2020 09:42:53 GMT" time="0.649" errors="0">
  <testcase name="basePageNavigation" time="0.649" classname="pageObjects.ValidateNavBar"/>
</testsuite> <!-- pageObjects.ValidateNavBar -->
