<?xml version="1.0" encoding="UTF-8"?>
<!-- Generated by org.testng.reporters.JUnitReportReporter -->
<testsuite hostname="vinu-PC" name="pageObjects.ValidateTitleOnHomePage" tests="1" failures="0" timestamp="14 Jul 2020 09:42:53 GMT" time="0.258" errors="0">
  <testcase name="validateTitle" time="0.258" classname="pageObjects.ValidateTitleOnHomePage"/>
</testsuite> <!-- pageObjects.ValidateTitleOnHomePage -->
