<?xml version="1.0" encoding="UTF-8"?>
<!-- Generated by org.testng.reporters.JUnitReportReporter -->
<testsuite hostname="vinu-PC" name="SeleniumFinal.ValidateTitleOnHomePage" tests="1" failures="0" timestamp="14 Jul 2020 11:58:37 GMT" time="0.105" errors="0">
  <testcase name="validateTitle" time="0.105" classname="SeleniumFinal.ValidateTitleOnHomePage"/>
</testsuite> <!-- SeleniumFinal.ValidateTitleOnHomePage -->
