<?xml version="1.0" encoding="UTF-8"?>
<!-- Generated by org.testng.reporters.JUnitReportReporter -->
<testsuite hostname="vinu-PC" name="SeleniumFinal.HomePage" tests="2" failures="0" timestamp="14 Jul 2020 11:58:37 GMT" time="18.745" errors="0">
  <testcase name="basePageNavigation" time="13.039" classname="SeleniumFinal.HomePage"/>
  <testcase name="basePageNavigation" time="5.706" classname="SeleniumFinal.HomePage"/>
</testsuite> <!-- SeleniumFinal.HomePage -->
